
*** Running vivado
    with args -log topmodule.vds -m64 -product Vivado -mode batch -messageDb vivado.pb -notrace -source topmodule.tcl


****** Vivado v2018.3 (64-bit)
  **** SW Build 2405991 on Thu Dec  6 23:36:41 MST 2018
  **** IP Build 2404404 on Fri Dec  7 01:43:56 MST 2018
    ** Copyright 1986-2018 Xilinx, Inc. All Rights Reserved.

source topmodule.tcl -notrace
Command: synth_design -top topmodule -part xc7a35tcpg236-1
Starting synth_design
Attempting to get a license for feature 'Synthesis' and/or device 'xc7a35t'
INFO: [Common 17-349] Got license for feature 'Synthesis' and/or device 'xc7a35t'
INFO: Launching helper process for spawning children vivado processes
INFO: Helper process launched with PID 17994 
---------------------------------------------------------------------------------
Starting RTL Elaboration : Time (s): cpu = 00:00:02 ; elapsed = 00:00:03 . Memory (MB): peak = 1428.051 ; gain = 45.891 ; free physical = 1577 ; free virtual = 6269
---------------------------------------------------------------------------------
INFO: [Synth 8-638] synthesizing module 'topmodule' [/home/henrique/Documentos/projeto-circuitos-reconfiguraveis/Exercicios/henrique_gmoura_160058651/Exercicio_1/trem/trem.srcs/sources_1/new/topmodule.vhd:9]
INFO: [Synth 8-3491] module 'trem' declared at '/home/henrique/Documentos/projeto-circuitos-reconfiguraveis/Exercicios/henrique_gmoura_160058651/Exercicio_1/trem/trem.srcs/sources_1/new/trem.vhd:4' bound to instance 'uut' of component 'trem' [/home/henrique/Documentos/projeto-circuitos-reconfiguraveis/Exercicios/henrique_gmoura_160058651/Exercicio_1/trem/trem.srcs/sources_1/new/topmodule.vhd:37]
INFO: [Synth 8-638] synthesizing module 'trem' [/home/henrique/Documentos/projeto-circuitos-reconfiguraveis/Exercicios/henrique_gmoura_160058651/Exercicio_1/trem/trem.srcs/sources_1/new/trem.vhd:12]
INFO: [Synth 8-3491] module 'sinaleira_0' declared at '/home/henrique/Documentos/projeto-circuitos-reconfiguraveis/Exercicios/henrique_gmoura_160058651/Exercicio_1/trem/trem.srcs/sources_1/new/sinaleira_0.vhd:4' bound to instance 'sinaleira_trem_inf' of component 'sinaleira_0' [/home/henrique/Documentos/projeto-circuitos-reconfiguraveis/Exercicios/henrique_gmoura_160058651/Exercicio_1/trem/trem.srcs/sources_1/new/trem.vhd:37]
INFO: [Synth 8-638] synthesizing module 'sinaleira_0' [/home/henrique/Documentos/projeto-circuitos-reconfiguraveis/Exercicios/henrique_gmoura_160058651/Exercicio_1/trem/trem.srcs/sources_1/new/sinaleira_0.vhd:11]
INFO: [Synth 8-256] done synthesizing module 'sinaleira_0' (1#1) [/home/henrique/Documentos/projeto-circuitos-reconfiguraveis/Exercicios/henrique_gmoura_160058651/Exercicio_1/trem/trem.srcs/sources_1/new/sinaleira_0.vhd:11]
INFO: [Synth 8-3491] module 'sinaleira_1' declared at '/home/henrique/Documentos/projeto-circuitos-reconfiguraveis/Exercicios/henrique_gmoura_160058651/Exercicio_1/trem/trem.srcs/sources_1/new/sinaleira_1.vhd:4' bound to instance 'sinaleira_trem_sup' of component 'sinaleira_1' [/home/henrique/Documentos/projeto-circuitos-reconfiguraveis/Exercicios/henrique_gmoura_160058651/Exercicio_1/trem/trem.srcs/sources_1/new/trem.vhd:44]
INFO: [Synth 8-638] synthesizing module 'sinaleira_1' [/home/henrique/Documentos/projeto-circuitos-reconfiguraveis/Exercicios/henrique_gmoura_160058651/Exercicio_1/trem/trem.srcs/sources_1/new/sinaleira_1.vhd:10]
INFO: [Synth 8-256] done synthesizing module 'sinaleira_1' (2#1) [/home/henrique/Documentos/projeto-circuitos-reconfiguraveis/Exercicios/henrique_gmoura_160058651/Exercicio_1/trem/trem.srcs/sources_1/new/sinaleira_1.vhd:10]
INFO: [Synth 8-3491] module 'barreira' declared at '/home/henrique/Documentos/projeto-circuitos-reconfiguraveis/Exercicios/henrique_gmoura_160058651/Exercicio_1/trem/trem.srcs/sources_1/new/barreira.vhd:4' bound to instance 'barreira_veiculos' of component 'barreira' [/home/henrique/Documentos/projeto-circuitos-reconfiguraveis/Exercicios/henrique_gmoura_160058651/Exercicio_1/trem/trem.srcs/sources_1/new/trem.vhd:50]
INFO: [Synth 8-638] synthesizing module 'barreira' [/home/henrique/Documentos/projeto-circuitos-reconfiguraveis/Exercicios/henrique_gmoura_160058651/Exercicio_1/trem/trem.srcs/sources_1/new/barreira.vhd:10]
INFO: [Synth 8-256] done synthesizing module 'barreira' (3#1) [/home/henrique/Documentos/projeto-circuitos-reconfiguraveis/Exercicios/henrique_gmoura_160058651/Exercicio_1/trem/trem.srcs/sources_1/new/barreira.vhd:10]
INFO: [Synth 8-256] done synthesizing module 'trem' (4#1) [/home/henrique/Documentos/projeto-circuitos-reconfiguraveis/Exercicios/henrique_gmoura_160058651/Exercicio_1/trem/trem.srcs/sources_1/new/trem.vhd:12]
INFO: [Synth 8-3491] module 'vio_0' declared at '/home/henrique/Documentos/projeto-circuitos-reconfiguraveis/Exercicios/henrique_gmoura_160058651/Exercicio_1/trem/trem.runs/synth_1/.Xil/Vivado-17975-Hgmachine/realtime/vio_0_stub.v:6' bound to instance 'my_vio' of component 'vio_0' [/home/henrique/Documentos/projeto-circuitos-reconfiguraveis/Exercicios/henrique_gmoura_160058651/Exercicio_1/trem/trem.srcs/sources_1/new/topmodule.vhd:45]
INFO: [Synth 8-6157] synthesizing module 'vio_0' [/home/henrique/Documentos/projeto-circuitos-reconfiguraveis/Exercicios/henrique_gmoura_160058651/Exercicio_1/trem/trem.runs/synth_1/.Xil/Vivado-17975-Hgmachine/realtime/vio_0_stub.v:6]
INFO: [Synth 8-6155] done synthesizing module 'vio_0' (5#1) [/home/henrique/Documentos/projeto-circuitos-reconfiguraveis/Exercicios/henrique_gmoura_160058651/Exercicio_1/trem/trem.runs/synth_1/.Xil/Vivado-17975-Hgmachine/realtime/vio_0_stub.v:6]
INFO: [Synth 8-6071] Mark debug on the nets applies keep_hierarchy on instance 'uut'. This will prevent further optimization [/home/henrique/Documentos/projeto-circuitos-reconfiguraveis/Exercicios/henrique_gmoura_160058651/Exercicio_1/trem/trem.srcs/sources_1/new/topmodule.vhd:37]
INFO: [Synth 8-6071] Mark debug on the nets applies keep_hierarchy on instance 'my_vio'. This will prevent further optimization [/home/henrique/Documentos/projeto-circuitos-reconfiguraveis/Exercicios/henrique_gmoura_160058651/Exercicio_1/trem/trem.srcs/sources_1/new/topmodule.vhd:45]
INFO: [Synth 8-256] done synthesizing module 'topmodule' (6#1) [/home/henrique/Documentos/projeto-circuitos-reconfiguraveis/Exercicios/henrique_gmoura_160058651/Exercicio_1/trem/trem.srcs/sources_1/new/topmodule.vhd:9]
---------------------------------------------------------------------------------
Finished RTL Elaboration : Time (s): cpu = 00:00:03 ; elapsed = 00:00:04 . Memory (MB): peak = 1472.801 ; gain = 90.641 ; free physical = 1602 ; free virtual = 6291
---------------------------------------------------------------------------------

Report Check Netlist: 
+------+------------------+-------+---------+-------+------------------+
|      |Item              |Errors |Warnings |Status |Description       |
+------+------------------+-------+---------+-------+------------------+
|1     |multi_driven_nets |      0|        0|Passed |Multi driven nets |
+------+------------------+-------+---------+-------+------------------+
---------------------------------------------------------------------------------
Start Handling Custom Attributes
---------------------------------------------------------------------------------
---------------------------------------------------------------------------------
Finished Handling Custom Attributes : Time (s): cpu = 00:00:03 ; elapsed = 00:00:04 . Memory (MB): peak = 1472.801 ; gain = 90.641 ; free physical = 1602 ; free virtual = 6291
---------------------------------------------------------------------------------
---------------------------------------------------------------------------------
Finished RTL Optimization Phase 1 : Time (s): cpu = 00:00:03 ; elapsed = 00:00:04 . Memory (MB): peak = 1472.801 ; gain = 90.641 ; free physical = 1602 ; free virtual = 6291
---------------------------------------------------------------------------------
INFO: [Device 21-403] Loading part xc7a35tcpg236-1
INFO: [Project 1-570] Preparing netlist for logic optimization

Processing XDC Constraints
Initializing timing engine
Parsing XDC File [/home/henrique/Documentos/projeto-circuitos-reconfiguraveis/Exercicios/henrique_gmoura_160058651/Exercicio_1/trem/trem.srcs/sources_1/ip/vio_0/vio_0/vio_0_in_context.xdc] for cell 'my_vio'
Finished Parsing XDC File [/home/henrique/Documentos/projeto-circuitos-reconfiguraveis/Exercicios/henrique_gmoura_160058651/Exercicio_1/trem/trem.srcs/sources_1/ip/vio_0/vio_0/vio_0_in_context.xdc] for cell 'my_vio'
Parsing XDC File [/home/henrique/Documentos/projeto-circuitos-reconfiguraveis/Exercicios/henrique_gmoura_160058651/Exercicio_1/trem/trem.srcs/constrs_1/imports/trem/Basys3_Master.xdc]
Finished Parsing XDC File [/home/henrique/Documentos/projeto-circuitos-reconfiguraveis/Exercicios/henrique_gmoura_160058651/Exercicio_1/trem/trem.srcs/constrs_1/imports/trem/Basys3_Master.xdc]
INFO: [Project 1-236] Implementation specific constraints were found while reading constraint file [/home/henrique/Documentos/projeto-circuitos-reconfiguraveis/Exercicios/henrique_gmoura_160058651/Exercicio_1/trem/trem.srcs/constrs_1/imports/trem/Basys3_Master.xdc]. These constraints will be ignored for synthesis but will be used in implementation. Impacted constraints are listed in the file [.Xil/topmodule_propImpl.xdc].
Resolution: To avoid this warning, move constraints listed in [.Xil/topmodule_propImpl.xdc] to another XDC file and exclude this new file from synthesis with the used_in_synthesis property (File Properties dialog in GUI) and re-run elaboration/synthesis.
Netlist sorting complete. Time (s): cpu = 00:00:00 ; elapsed = 00:00:00 . Memory (MB): peak = 1722.191 ; gain = 0.000 ; free physical = 1350 ; free virtual = 6041
Completed Processing XDC Constraints

Netlist sorting complete. Time (s): cpu = 00:00:00 ; elapsed = 00:00:00 . Memory (MB): peak = 1722.191 ; gain = 0.000 ; free physical = 1351 ; free virtual = 6042
INFO: [Project 1-111] Unisim Transformation Summary:
No Unisim elements were transformed.

Netlist sorting complete. Time (s): cpu = 00:00:00 ; elapsed = 00:00:00 . Memory (MB): peak = 1722.191 ; gain = 0.000 ; free physical = 1351 ; free virtual = 6042
Constraint Validation Runtime : Time (s): cpu = 00:00:00 ; elapsed = 00:00:00 . Memory (MB): peak = 1722.191 ; gain = 0.000 ; free physical = 1351 ; free virtual = 6042
---------------------------------------------------------------------------------
Finished Constraint Validation : Time (s): cpu = 00:00:10 ; elapsed = 00:00:12 . Memory (MB): peak = 1722.191 ; gain = 340.031 ; free physical = 1426 ; free virtual = 6115
---------------------------------------------------------------------------------
---------------------------------------------------------------------------------
Start Loading Part and Timing Information
---------------------------------------------------------------------------------
Loading part: xc7a35tcpg236-1
---------------------------------------------------------------------------------
Finished Loading Part and Timing Information : Time (s): cpu = 00:00:10 ; elapsed = 00:00:12 . Memory (MB): peak = 1722.191 ; gain = 340.031 ; free physical = 1426 ; free virtual = 6115
---------------------------------------------------------------------------------
---------------------------------------------------------------------------------
Start Applying 'set_property' XDC Constraints
---------------------------------------------------------------------------------
Applied set_property DONT_TOUCH = true for my_vio. (constraint file  auto generated constraint, line ).
---------------------------------------------------------------------------------
Finished applying 'set_property' XDC Constraints : Time (s): cpu = 00:00:10 ; elapsed = 00:00:12 . Memory (MB): peak = 1722.191 ; gain = 340.031 ; free physical = 1429 ; free virtual = 6118
---------------------------------------------------------------------------------
---------------------------------------------------------------------------------
Finished RTL Optimization Phase 2 : Time (s): cpu = 00:00:10 ; elapsed = 00:00:12 . Memory (MB): peak = 1722.191 ; gain = 340.031 ; free physical = 1428 ; free virtual = 6117
---------------------------------------------------------------------------------

Report RTL Partitions: 
+-+--------------+------------+----------+
| |RTL Partition |Replication |Instances |
+-+--------------+------------+----------+
+-+--------------+------------+----------+
---------------------------------------------------------------------------------
Start RTL Component Statistics 
---------------------------------------------------------------------------------
Detailed RTL Component Info : 
---------------------------------------------------------------------------------
Finished RTL Component Statistics 
---------------------------------------------------------------------------------
---------------------------------------------------------------------------------
Start RTL Hierarchical Component Statistics 
---------------------------------------------------------------------------------
Hierarchical RTL Component report 
---------------------------------------------------------------------------------
Finished RTL Hierarchical Component Statistics
---------------------------------------------------------------------------------
---------------------------------------------------------------------------------
Start Part Resource Summary
---------------------------------------------------------------------------------
Part Resources:
DSPs: 90 (col length:60)
BRAMs: 100 (col length: RAMB18 60 RAMB36 30)
---------------------------------------------------------------------------------
Finished Part Resource Summary
---------------------------------------------------------------------------------
---------------------------------------------------------------------------------
Start Cross Boundary and Area Optimization
---------------------------------------------------------------------------------
Warning: Parallel synthesis criteria is not met 
---------------------------------------------------------------------------------
Finished Cross Boundary and Area Optimization : Time (s): cpu = 00:00:10 ; elapsed = 00:00:12 . Memory (MB): peak = 1722.191 ; gain = 340.031 ; free physical = 1417 ; free virtual = 6107
---------------------------------------------------------------------------------

Report RTL Partitions: 
+-+--------------+------------+----------+
| |RTL Partition |Replication |Instances |
+-+--------------+------------+----------+
+-+--------------+------------+----------+
---------------------------------------------------------------------------------
Start Applying XDC Timing Constraints
---------------------------------------------------------------------------------
---------------------------------------------------------------------------------
Finished Applying XDC Timing Constraints : Time (s): cpu = 00:00:16 ; elapsed = 00:00:19 . Memory (MB): peak = 1754.191 ; gain = 372.031 ; free physical = 1293 ; free virtual = 5983
---------------------------------------------------------------------------------
---------------------------------------------------------------------------------
Start Timing Optimization
---------------------------------------------------------------------------------
---------------------------------------------------------------------------------
Finished Timing Optimization : Time (s): cpu = 00:00:16 ; elapsed = 00:00:19 . Memory (MB): peak = 1754.191 ; gain = 372.031 ; free physical = 1293 ; free virtual = 5983
---------------------------------------------------------------------------------

Report RTL Partitions: 
+-+--------------+------------+----------+
| |RTL Partition |Replication |Instances |
+-+--------------+------------+----------+
+-+--------------+------------+----------+
---------------------------------------------------------------------------------
Start Technology Mapping
---------------------------------------------------------------------------------
---------------------------------------------------------------------------------
Finished Technology Mapping : Time (s): cpu = 00:00:16 ; elapsed = 00:00:19 . Memory (MB): peak = 1764.207 ; gain = 382.047 ; free physical = 1292 ; free virtual = 5982
---------------------------------------------------------------------------------

Report RTL Partitions: 
+-+--------------+------------+----------+
| |RTL Partition |Replication |Instances |
+-+--------------+------------+----------+
+-+--------------+------------+----------+
---------------------------------------------------------------------------------
Start IO Insertion
---------------------------------------------------------------------------------
---------------------------------------------------------------------------------
Start Flattening Before IO Insertion
---------------------------------------------------------------------------------
---------------------------------------------------------------------------------
Finished Flattening Before IO Insertion
---------------------------------------------------------------------------------
---------------------------------------------------------------------------------
Start Final Netlist Cleanup
---------------------------------------------------------------------------------
---------------------------------------------------------------------------------
Finished Final Netlist Cleanup
---------------------------------------------------------------------------------
---------------------------------------------------------------------------------
Finished IO Insertion : Time (s): cpu = 00:00:17 ; elapsed = 00:00:19 . Memory (MB): peak = 1764.207 ; gain = 382.047 ; free physical = 1292 ; free virtual = 5982
---------------------------------------------------------------------------------

Report Check Netlist: 
+------+------------------+-------+---------+-------+------------------+
|      |Item              |Errors |Warnings |Status |Description       |
+------+------------------+-------+---------+-------+------------------+
|1     |multi_driven_nets |      0|        0|Passed |Multi driven nets |
+------+------------------+-------+---------+-------+------------------+
---------------------------------------------------------------------------------
Start Renaming Generated Instances
---------------------------------------------------------------------------------
---------------------------------------------------------------------------------
Finished Renaming Generated Instances : Time (s): cpu = 00:00:17 ; elapsed = 00:00:19 . Memory (MB): peak = 1764.207 ; gain = 382.047 ; free physical = 1292 ; free virtual = 5982
---------------------------------------------------------------------------------

Report RTL Partitions: 
+-+--------------+------------+----------+
| |RTL Partition |Replication |Instances |
+-+--------------+------------+----------+
+-+--------------+------------+----------+
---------------------------------------------------------------------------------
Start Rebuilding User Hierarchy
---------------------------------------------------------------------------------
---------------------------------------------------------------------------------
Finished Rebuilding User Hierarchy : Time (s): cpu = 00:00:17 ; elapsed = 00:00:19 . Memory (MB): peak = 1764.207 ; gain = 382.047 ; free physical = 1292 ; free virtual = 5982
---------------------------------------------------------------------------------
---------------------------------------------------------------------------------
Start Renaming Generated Ports
---------------------------------------------------------------------------------
---------------------------------------------------------------------------------
Finished Renaming Generated Ports : Time (s): cpu = 00:00:17 ; elapsed = 00:00:19 . Memory (MB): peak = 1764.207 ; gain = 382.047 ; free physical = 1292 ; free virtual = 5982
---------------------------------------------------------------------------------
---------------------------------------------------------------------------------
Start Handling Custom Attributes
---------------------------------------------------------------------------------
---------------------------------------------------------------------------------
Finished Handling Custom Attributes : Time (s): cpu = 00:00:17 ; elapsed = 00:00:19 . Memory (MB): peak = 1764.207 ; gain = 382.047 ; free physical = 1292 ; free virtual = 5982
---------------------------------------------------------------------------------
---------------------------------------------------------------------------------
Start Renaming Generated Nets
---------------------------------------------------------------------------------
---------------------------------------------------------------------------------
Finished Renaming Generated Nets : Time (s): cpu = 00:00:17 ; elapsed = 00:00:19 . Memory (MB): peak = 1764.207 ; gain = 382.047 ; free physical = 1292 ; free virtual = 5982
---------------------------------------------------------------------------------
---------------------------------------------------------------------------------
Start Writing Synthesis Report
---------------------------------------------------------------------------------

Report BlackBoxes: 
+------+--------------+----------+
|      |BlackBox name |Instances |
+------+--------------+----------+
|1     |vio_0         |         1|
+------+--------------+----------+

Report Cell Usage: 
+------+------+------+
|      |Cell  |Count |
+------+------+------+
|1     |vio_0 |     1|
|2     |LUT2  |     2|
|3     |IBUF  |     1|
|4     |OBUF  |     3|
+------+------+------+

Report Instance Areas: 
+------+---------+-------+------+
|      |Instance |Module |Cells |
+------+---------+-------+------+
|1     |top      |       |     8|
|2     |  uut    |trem   |     2|
+------+---------+-------+------+
---------------------------------------------------------------------------------
Finished Writing Synthesis Report : Time (s): cpu = 00:00:17 ; elapsed = 00:00:19 . Memory (MB): peak = 1764.207 ; gain = 382.047 ; free physical = 1292 ; free virtual = 5982
---------------------------------------------------------------------------------
Synthesis finished with 0 errors, 0 critical warnings and 0 warnings.
Synthesis Optimization Runtime : Time (s): cpu = 00:00:13 ; elapsed = 00:00:14 . Memory (MB): peak = 1764.207 ; gain = 132.656 ; free physical = 1347 ; free virtual = 6037
Synthesis Optimization Complete : Time (s): cpu = 00:00:17 ; elapsed = 00:00:19 . Memory (MB): peak = 1764.215 ; gain = 382.047 ; free physical = 1347 ; free virtual = 6037
INFO: [Project 1-571] Translating synthesized netlist
INFO: [Project 1-570] Preparing netlist for logic optimization
INFO: [Opt 31-138] Pushed 0 inverter(s) to 0 load pin(s).
Netlist sorting complete. Time (s): cpu = 00:00:00 ; elapsed = 00:00:00 . Memory (MB): peak = 1768.207 ; gain = 0.000 ; free physical = 1286 ; free virtual = 5976
INFO: [Project 1-111] Unisim Transformation Summary:
No Unisim elements were transformed.

INFO: [Common 17-83] Releasing license: Synthesis
29 Infos, 0 Warnings, 0 Critical Warnings and 0 Errors encountered.
synth_design completed successfully
synth_design: Time (s): cpu = 00:00:19 ; elapsed = 00:00:20 . Memory (MB): peak = 1768.207 ; gain = 386.156 ; free physical = 1334 ; free virtual = 6025
Netlist sorting complete. Time (s): cpu = 00:00:00 ; elapsed = 00:00:00 . Memory (MB): peak = 1768.207 ; gain = 0.000 ; free physical = 1334 ; free virtual = 6025
WARNING: [Constraints 18-5210] No constraints selected for write.
Resolution: This message can indicate that there are no constraints for the design, or it can indicate that the used_in flags are set such that the constraints are ignored. This later case is used when running synth_design to not write synthesis constraints to the resulting checkpoint. Instead, project constraints are read when the synthesized design is opened.
INFO: [Common 17-1381] The checkpoint '/home/henrique/Documentos/projeto-circuitos-reconfiguraveis/Exercicios/henrique_gmoura_160058651/Exercicio_1/trem/trem.runs/synth_1/topmodule.dcp' has been generated.
INFO: [runtcl-4] Executing : report_utilization -file topmodule_utilization_synth.rpt -pb topmodule_utilization_synth.pb
INFO: [Common 17-206] Exiting Vivado at Thu Sep 17 00:20:19 2020...
